0 info it worked if it ends with ok
1 verbose cli [ 'node', '/usr/local/bin/npm', 'install', 'connect' ]
2 info using npm@1.3.11
3 info using node@v0.10.21
4 verbose cache add [ 'connect', null ]
5 verbose cache add name=undefined spec="connect" args=["connect",null]
6 verbose parsed url { protocol: null,
6 verbose parsed url   slashes: null,
6 verbose parsed url   auth: null,
6 verbose parsed url   host: null,
6 verbose parsed url   port: null,
6 verbose parsed url   hostname: null,
6 verbose parsed url   hash: null,
6 verbose parsed url   search: null,
6 verbose parsed url   query: null,
6 verbose parsed url   pathname: 'connect',
6 verbose parsed url   path: 'connect',
6 verbose parsed url   href: 'connect' }
7 silly lockFile f11a107f-connect connect
8 verbose lock connect /Users/karawalla/.npm/f11a107f-connect.lock
9 silly lockFile f11a107f-connect connect
10 verbose addNamed [ 'connect', '' ]
11 verbose addNamed [ null, '*' ]
12 silly lockFile 6c45e0f3-connect connect@
13 verbose lock connect@ /Users/karawalla/.npm/6c45e0f3-connect.lock
14 silly lockFile 6c45e0f3-connect connect@
15 error Error: EACCES, open '/Users/karawalla/.npm/6c45e0f3-connect.lock'
15 error  { [Error: EACCES, open '/Users/karawalla/.npm/6c45e0f3-connect.lock']
15 error   errno: 3,
15 error   code: 'EACCES',
15 error   path: '/Users/karawalla/.npm/6c45e0f3-connect.lock' }
16 error Please try running this command again as root/Administrator.
17 error System Darwin 12.5.0
18 error command "node" "/usr/local/bin/npm" "install" "connect"
19 error cwd /Users/karawalla/dev/projects/tcloud/webapp
20 error node -v v0.10.21
21 error npm -v 1.3.11
22 error path /Users/karawalla/.npm/6c45e0f3-connect.lock
23 error code EACCES
24 error errno 3
25 error stack Error: EACCES, open '/Users/karawalla/.npm/6c45e0f3-connect.lock'
26 verbose exit [ 3, true ]
